<?xml version="1.0" encoding="UTF-8"?>
<!-- Generated by org.testng.reporters.JUnitReportReporter -->
<testsuite hostname="DESKTOP-583J7G1" failures="0" tests="1" name="com.apitest.SouthAsia" time="2.292" errors="0" timestamp="2021-02-15T14:50:54 EST" skipped="0">
  <testcase classname="com.apitest.SouthAsia" name="getweatherDetails" time="2.292"/>
  <system-out/>
</testsuite> <!-- com.apitest.SouthAsia -->
