<?xml version="1.0" encoding="UTF-8"?>
<!-- Generated by org.testng.reporters.JUnitReportReporter -->
<testsuite hostname="DESKTOP-583J7G1" failures="0" tests="1" name="com.apitest.Swan_Dilara" time="1.440" errors="0" timestamp="2021-02-15T14:50:54 EST" skipped="0">
  <testcase classname="com.apitest.Swan_Dilara" name="getweatherDetails" time="1.440"/>
  <system-out/>
</testsuite> <!-- com.apitest.Swan_Dilara -->
